{"recorder_version":"21","session":"627d7c3413ad","build":"192.7142.36","bucket":"35","time":1580863943198,"group":{"id":"settings","version":"4"},"event":{"state":true,"data":{"component":"NotRoamableUiSettings","created":1580863943315},"id":"invoked"}}
{"recorder_version":"21","session":"627d7c3413ad","build":"192.7142.36","bucket":"35","time":1580863943200,"group":{"id":"system.java","version":"1"},"event":{"state":true,"data":{"created":1580863943317,"version":"validation.undefined_rule"},"id":"validation.undefined_rule"}}
{"recorder_version":"21","session":"627d7c3413ad","build":"192.7142.36","bucket":"35","time":1580863943200,"group":{"id":"system.java","version":"1"},"event":{"state":true,"data":{"created":1580863943322},"id":"invoked"}}
{"recorder_version":"21","session":"627d7c3413ad","build":"192.7142.36","bucket":"35","time":1580863943200,"group":{"id":"settings","version":"4"},"event":{"state":true,"data":{"component":"UISettings","created":1580863943323},"id":"invoked"}}
{"recorder_version":"21","session":"627d7c3413ad","build":"192.7142.36","bucket":"35","time":1580863943222,"group":{"id":"system.os","version":"3"},"event":{"state":true,"data":{"created":1580863943324,"version":"10.14"},"id":"Mac"}}
{"recorder_version":"21","session":"627d7c3413ad","build":"192.7142.36","bucket":"35","time":1580863943222,"group":{"id":"system.os","version":"3"},"event":{"state":true,"data":{"created":1580863943324,"name":"Mac","version":"10.14"},"id":"os.name"}}
{"recorder_version":"21","session":"627d7c3413ad","build":"192.7142.36","bucket":"35","time":1580863943222,"group":{"id":"system.os","version":"3"},"event":{"state":true,"data":{"created":1580863943325,"value":"-08_00"},"id":"os.timezone"}}
{"recorder_version":"21","session":"627d7c3413ad","build":"192.7142.36","bucket":"35","time":1580863943222,"group":{"id":"system.os","version":"3"},"event":{"state":true,"data":{"created":1580863943326},"id":"invoked"}}
{"recorder_version":"21","session":"627d7c3413ad","build":"192.7142.36","bucket":"35","time":1580863943315,"group":{"id":"event.log","version":"21"},"event":{"count":1,"data":{"created":1580863943326,"version":"1072.0"},"id":"whitelist.loaded"}}
{"recorder_version":"21","session":"627d7c3413ad","build":"192.7142.36","bucket":"35","time":1580863944631,"group":{"id":"settings","version":"4"},"event":{"state":true,"data":{"component":"UpdatesConfigurable","created":1580863944631,"name":"checkNeeded","type":"bool","value":false},"id":"not.default"}}
{"recorder_version":"21","session":"627d7c3413ad","build":"192.7142.36","bucket":"35","time":1580863944631,"group":{"id":"settings","version":"4"},"event":{"state":true,"data":{"component":"UpdatesConfigurable","created":1580863944632},"id":"invoked"}}
{"recorder_version":"21","session":"627d7c3413ad","build":"192.7142.36","bucket":"35","time":1580863944766,"group":{"id":"settings","version":"4"},"event":{"state":true,"data":{"component":"GeneralSettings","created":1580863944767},"id":"invoked"}}
{"recorder_version":"21","session":"627d7c3413ad","build":"192.7142.36","bucket":"35","time":1580863944772,"group":{"id":"lifecycle","version":"21"},"event":{"count":1,"data":{"internal":true,"eap":false,"created":1580863944773},"id":"ide.start"}}
{"recorder_version":"21","session":"627d7c3413ad","build":"192.7142.36","bucket":"35","time":1580863945003,"group":{"id":"lifecycle","version":"21"},"event":{"count":1,"data":{"created":1580863945004},"id":"frame.activated"}}
{"recorder_version":"21","session":"627d7c3413ad","build":"192.7142.36","bucket":"35","time":1580863945398,"group":{"id":"performance","version":"21"},"event":{"count":1,"data":{"duration_ms":1,"created":1580863945398},"id":"ui.latency"}}
{"recorder_version":"21","session":"627d7c3413ad","build":"192.7142.36","bucket":"35","time":1580863945442,"group":{"id":"ui.dialogs","version":"21"},"event":{"count":1,"data":{"created":1580863945442,"plugin_type":"PLATFORM","type":"show"},"id":"com.intellij.openapi.progress.util.ProgressDialog$MyDialogWrapper"}}
{"recorder_version":"21","session":"627d7c3413ad","build":"192.7142.36","bucket":"35","time":1580863946250,"group":{"id":"lifecycle","version":"21"},"event":{"count":1,"data":{"created":1580863946251,"project":"1572e5938187a9336afb543fd2713242b681cef47d54cb7663d7672f2f0f651f"},"id":"project.opened"}}
{"recorder_version":"21","session":"627d7c3413ad","build":"192.7142.36","bucket":"35","time":1580863946803,"group":{"id":"performance","version":"21"},"event":{"count":1,"data":{"duration_ms":401,"created":1580863946803},"id":"ui.lagging"}}
{"recorder_version":"21","session":"627d7c3413ad","build":"192.7142.36","bucket":"35","time":1580863947654,"group":{"id":"settings","version":"4"},"event":{"state":true,"data":{"component":"XmlEditorOptions","created":1580863947654},"id":"invoked"}}
{"recorder_version":"21","session":"627d7c3413ad","build":"192.7142.36","bucket":"35","time":1580863947703,"group":{"id":"performance","version":"21"},"event":{"count":1,"data":{"duration_ms":301,"created":1580863947703},"id":"ui.lagging"}}
{"recorder_version":"21","session":"627d7c3413ad","build":"192.7142.36","bucket":"35","time":1580863947763,"group":{"id":"toolwindow","version":"21"},"event":{"count":1,"data":{"os":"Mac","created":1580863947763,"plugin_type":"PLATFORM"},"id":"Project"}}
{"recorder_version":"21","session":"627d7c3413ad","build":"192.7142.36","bucket":"35","time":1580863948340,"group":{"id":"ui.tips","version":"2"},"event":{"count":1,"data":{"created":1580863948340,"type":"automatically"},"id":"dialog.shown"}}
{"recorder_version":"21","session":"627d7c3413ad","build":"192.7142.36","bucket":"35","time":1580863948403,"group":{"id":"ui.dialogs","version":"21"},"event":{"count":1,"data":{"created":1580863948403,"plugin_type":"PLATFORM","type":"show"},"id":"com.intellij.ide.util.TipDialog"}}
{"recorder_version":"21","session":"627d7c3413ad","build":"192.7142.36","bucket":"35","time":1580863948597,"group":{"id":"performance","version":"21"},"event":{"count":1,"data":{"duration_ms":193,"created":1580863948597},"id":"ui.lagging"}}
{"recorder_version":"21","session":"627d7c3413ad","build":"192.7142.36","bucket":"35","time":1580863949234,"group":{"id":"project.fs","version":"1"},"event":{"state":true,"data":{"os":"Mac","cs-project":false,"created":1580863949234,"project":"1572e5938187a9336afb543fd2713242b681cef47d54cb7663d7672f2f0f651f","cs-implicit":true,"cs-system":false},"id":"case-sensitivity"}}
{"recorder_version":"21","session":"627d7c3413ad","build":"192.7142.36","bucket":"35","time":1580863949234,"group":{"id":"project.fs","version":"1"},"event":{"state":true,"data":{"created":1580863949235},"id":"invoked"}}
{"recorder_version":"21","session":"627d7c3413ad","build":"192.7142.36","bucket":"35","time":1580863949235,"group":{"id":"project.fs","version":"1"},"event":{"state":true,"data":{"pct-non-watched":0,"created":1580863949235,"project":"1572e5938187a9336afb543fd2713242b681cef47d54cb7663d7672f2f0f651f"},"id":"roots-watched"}}
{"recorder_version":"21","session":"627d7c3413ad","build":"192.7142.36","bucket":"35","time":1580863949235,"group":{"id":"project.fs","version":"1"},"event":{"state":true,"data":{"created":1580863949235},"id":"invoked"}}
{"recorder_version":"21","session":"627d7c3413ad","build":"192.7142.36","bucket":"35","time":1580863949311,"group":{"id":"ui.dialogs","version":"21"},"event":{"count":1,"data":{"code":1,"created":1580863949311,"plugin_type":"PLATFORM","type":"close"},"id":"com.intellij.openapi.progress.util.ProgressDialog$MyDialogWrapper"}}
{"recorder_version":"21","session":"627d7c3413ad","build":"192.7142.36","bucket":"35","time":1580863949722,"group":{"id":"lifecycle","version":"21"},"event":{"count":1,"data":{"duration_ms":4567,"created":1580863949723,"project":"1572e5938187a9336afb543fd2713242b681cef47d54cb7663d7672f2f0f651f"},"id":"project.opening.finished"}}
{"recorder_version":"21","session":"627d7c3413ad","build":"192.7142.36","bucket":"35","time":1580863949744,"group":{"id":"performance","version":"21"},"event":{"count":1,"data":{"duration_ms":338,"created":1580863949745},"id":"ui.lagging"}}
{"recorder_version":"21","session":"627d7c3413ad","build":"192.7142.36","bucket":"35","time":1580863950206,"group":{"id":"kotlin.jps.target","version":"1"},"event":{"count":1,"data":{"plugin_version":"validation.undefined_rule","created":1580863950206},"id":"validation.undefined_rule"}}
{"recorder_version":"21","session":"627d7c3413ad","build":"192.7142.36","bucket":"35","time":1580863953798,"group":{"id":"ui.dialogs","version":"21"},"event":{"count":1,"data":{"code":1,"created":1580863953798,"plugin_type":"PLATFORM","type":"close"},"id":"com.intellij.ide.util.TipDialog"}}
{"recorder_version":"21","session":"627d7c3413ad","build":"192.7142.36","bucket":"35","time":1580863958133,"group":{"id":"actions","version":"21"},"event":{"count":1,"data":{"context_menu":false,"current_file":"JAVA","created":1580863958133,"plugin_type":"PLATFORM","project":"1572e5938187a9336afb543fd2713242b681cef47d54cb7663d7672f2f0f651f","place":"keyboard_shortcut","class":"com.intellij.openapi.editor.actions.BackspaceAction","input_event":"Backspace"},"id":"EditorBackSpace"}}
{"recorder_version":"21","session":"627d7c3413ad","build":"192.7142.36","bucket":"35","time":1580863959163,"group":{"id":"actions","version":"21"},"event":{"count":1,"data":{"context_menu":false,"current_file":"JAVA","created":1580863959163,"plugin_type":"PLATFORM","project":"1572e5938187a9336afb543fd2713242b681cef47d54cb7663d7672f2f0f651f","place":"keyboard_shortcut","class":"com.intellij.openapi.editor.actions.MoveCaretDownAction","input_event":"Down"},"id":"EditorDown"}}
{"recorder_version":"21","session":"627d7c3413ad","build":"192.7142.36","bucket":"35","time":1580863959612,"group":{"id":"actions","version":"21"},"event":{"count":3,"data":{"context_menu":false,"last":1580863959953,"current_file":"JAVA","created":1580863959612,"plugin_type":"PLATFORM","project":"1572e5938187a9336afb543fd2713242b681cef47d54cb7663d7672f2f0f651f","place":"keyboard_shortcut","class":"com.intellij.openapi.editor.actions.MoveCaretLeftAction","input_event":"Left"},"id":"EditorLeft"}}
{"recorder_version":"21","session":"627d7c3413ad","build":"192.7142.36","bucket":"35","time":1580863960973,"group":{"id":"actions","version":"21"},"event":{"count":23,"data":{"context_menu":false,"last":1580863963775,"current_file":"JAVA","created":1580863960974,"plugin_type":"PLATFORM","project":"1572e5938187a9336afb543fd2713242b681cef47d54cb7663d7672f2f0f651f","place":"keyboard_shortcut","class":"com.intellij.openapi.editor.actions.MoveCaretRightWithSelectionAction","input_event":"Shift+Right"},"id":"EditorRightWithSelection"}}
{"recorder_version":"21","session":"627d7c3413ad","build":"192.7142.36","bucket":"35","time":1580863964235,"group":{"id":"actions","version":"21"},"event":{"count":1,"data":{"context_menu":false,"current_file":"JAVA","created":1580863964236,"plugin_type":"PLATFORM","project":"1572e5938187a9336afb543fd2713242b681cef47d54cb7663d7672f2f0f651f","place":"keyboard_shortcut","class":"com.intellij.openapi.editor.actions.BackspaceAction","input_event":"Backspace"},"id":"EditorBackSpace"}}
{"recorder_version":"21","session":"627d7c3413ad","build":"192.7142.36","bucket":"35","time":1580863965161,"group":{"id":"actions","version":"21"},"event":{"count":1,"data":{"context_menu":false,"current_file":"JAVA","created":1580863965161,"plugin_type":"PLATFORM","project":"1572e5938187a9336afb543fd2713242b681cef47d54cb7663d7672f2f0f651f","place":"keyboard_shortcut","class":"com.intellij.openapi.editor.actions.MoveCaretDownAction","input_event":"Down"},"id":"EditorDown"}}
{"recorder_version":"21","session":"627d7c3413ad","build":"192.7142.36","bucket":"35","time":1580863965419,"group":{"id":"actions","version":"21"},"event":{"count":2,"data":{"context_menu":false,"last":1580863965585,"current_file":"JAVA","created":1580863965419,"plugin_type":"PLATFORM","project":"1572e5938187a9336afb543fd2713242b681cef47d54cb7663d7672f2f0f651f","place":"keyboard_shortcut","class":"com.intellij.openapi.editor.actions.MoveCaretLeftAction","input_event":"Left"},"id":"EditorLeft"}}
{"recorder_version":"21","session":"627d7c3413ad","build":"192.7142.36","bucket":"35","time":1580863966139,"group":{"id":"actions","version":"21"},"event":{"count":19,"data":{"context_menu":false,"last":1580863968476,"current_file":"JAVA","created":1580863966139,"plugin_type":"PLATFORM","project":"1572e5938187a9336afb543fd2713242b681cef47d54cb7663d7672f2f0f651f","place":"keyboard_shortcut","class":"com.intellij.openapi.editor.actions.MoveCaretRightWithSelectionAction","input_event":"Shift+Right"},"id":"EditorRightWithSelection"}}
{"recorder_version":"21","session":"627d7c3413ad","build":"192.7142.36","bucket":"35","time":1580863969044,"group":{"id":"actions","version":"21"},"event":{"count":1,"data":{"context_menu":false,"current_file":"JAVA","created":1580863969045,"plugin_type":"PLATFORM","project":"1572e5938187a9336afb543fd2713242b681cef47d54cb7663d7672f2f0f651f","place":"keyboard_shortcut","class":"com.intellij.openapi.editor.actions.BackspaceAction","input_event":"Backspace"},"id":"EditorBackSpace"}}
{"recorder_version":"21","session":"627d7c3413ad","build":"192.7142.36","bucket":"35","time":1580863970365,"group":{"id":"actions","version":"21"},"event":{"count":2,"data":{"context_menu":false,"last":1580863970600,"current_file":"JAVA","created":1580863970366,"plugin_type":"PLATFORM","project":"1572e5938187a9336afb543fd2713242b681cef47d54cb7663d7672f2f0f651f","place":"keyboard_shortcut","class":"com.intellij.openapi.editor.actions.MoveCaretUpAction","input_event":"Up"},"id":"EditorUp"}}
{"recorder_version":"21","session":"627d7c3413ad","build":"192.7142.36","bucket":"35","time":1580863971041,"group":{"id":"actions","version":"21"},"event":{"count":5,"data":{"context_menu":false,"last":1580863972491,"current_file":"JAVA","created":1580863971041,"plugin_type":"PLATFORM","project":"1572e5938187a9336afb543fd2713242b681cef47d54cb7663d7672f2f0f651f","place":"keyboard_shortcut","class":"com.intellij.openapi.editor.actions.MoveCaretRightAction","input_event":"Right"},"id":"EditorRight"}}
{"recorder_version":"21","session":"627d7c3413ad","build":"192.7142.36","bucket":"35","time":1580863980275,"group":{"id":"actions","version":"21"},"event":{"count":1,"data":{"context_menu":true,"current_file":"JAVA","created":1580863980276,"plugin_type":"NOT_LISTED","project":"1572e5938187a9336afb543fd2713242b681cef47d54cb7663d7672f2f0f651f","place":"MainMenu","class":"third.party","input_event":"NoMouseButton"},"id":"third.party"}}
{"recorder_version":"21","session":"627d7c3413ad","build":"192.7142.36","bucket":"35","time":1580863980286,"group":{"id":"ui.dialogs","version":"21"},"event":{"count":1,"data":{"created":1580863980286,"plugin_type":"PLATFORM","type":"show"},"id":"com.intellij.openapi.ui.Messages$InputDialog"}}
{"recorder_version":"21","session":"627d7c3413ad","build":"192.7142.36","bucket":"35","time":1580863982098,"group":{"id":"actions","version":"21"},"event":{"count":1,"data":{"context_menu":false,"created":1580863982098,"plugin_type":"PLATFORM","project":"1572e5938187a9336afb543fd2713242b681cef47d54cb7663d7672f2f0f651f","place":"keyboard_shortcut","class":"com.intellij.openapi.editor.actions.PasteAction","input_event":"Meta+V"},"id":"EditorPaste"}}
{"recorder_version":"21","session":"627d7c3413ad","build":"192.7142.36","bucket":"35","time":1580863983508,"group":{"id":"actions","version":"21"},"event":{"count":1,"data":{"context_menu":false,"created":1580863983508,"plugin_type":"PLATFORM","project":"1572e5938187a9336afb543fd2713242b681cef47d54cb7663d7672f2f0f651f","place":"keyboard_shortcut","class":"com.intellij.ide.actions.UndoAction","input_event":"Meta+Z"},"id":"$Undo"}}
{"recorder_version":"21","session":"627d7c3413ad","build":"192.7142.36","bucket":"35","time":1580863985769,"group":{"id":"lifecycle","version":"21"},"event":{"count":1,"data":{"created":1580863985770,"project":"1572e5938187a9336afb543fd2713242b681cef47d54cb7663d7672f2f0f651f"},"id":"frame.deactivated"}}
{"recorder_version":"21","session":"627d7c3413ad","build":"192.7142.36","bucket":"35","time":1580863990289,"group":{"id":"lifecycle","version":"21"},"event":{"count":1,"data":{"created":1580863990289,"project":"1572e5938187a9336afb543fd2713242b681cef47d54cb7663d7672f2f0f651f"},"id":"frame.activated"}}
{"recorder_version":"21","session":"627d7c3413ad","build":"192.7142.36","bucket":"35","time":1580863992140,"group":{"id":"actions","version":"21"},"event":{"count":1,"data":{"context_menu":false,"created":1580863992140,"plugin_type":"PLATFORM","project":"1572e5938187a9336afb543fd2713242b681cef47d54cb7663d7672f2f0f651f","place":"keyboard_shortcut","class":"com.intellij.openapi.editor.actions.PasteAction","input_event":"Meta+V"},"id":"EditorPaste"}}
{"recorder_version":"21","session":"627d7c3413ad","build":"192.7142.36","bucket":"35","time":1580863993217,"group":{"id":"ui.dialogs","version":"21"},"event":{"count":1,"data":{"code":0,"created":1580863993218,"plugin_type":"PLATFORM","type":"close"},"id":"com.intellij.openapi.ui.Messages$InputDialog"}}
{"recorder_version":"21","session":"627d7c3413ad","build":"192.7142.36","bucket":"35","time":1580863993749,"group":{"id":"lifecycle","version":"21"},"event":{"count":1,"data":{"created":1580863993749,"project":"1572e5938187a9336afb543fd2713242b681cef47d54cb7663d7672f2f0f651f"},"id":"frame.deactivated"}}
{"recorder_version":"21","session":"627d7c3413ad","build":"192.7142.36","bucket":"35","time":1580863993798,"group":{"id":"lifecycle","version":"21"},"event":{"count":1,"data":{"created":1580863993798,"project":"1572e5938187a9336afb543fd2713242b681cef47d54cb7663d7672f2f0f651f"},"id":"frame.activated"}}
{"recorder_version":"21","session":"627d7c3413ad","build":"192.7142.36","bucket":"35","time":1580863993807,"group":{"id":"performance","version":"21"},"event":{"count":1,"data":{"duration_ms":299,"created":1580863993807},"id":"ui.lagging"}}
{"recorder_version":"21","session":"627d7c3413ad","build":"192.7142.36","bucket":"35","time":1580863998929,"group":{"id":"actions","version":"21"},"event":{"count":1,"data":{"context_menu":false,"current_file":"JAVA","created":1580863998929,"plugin_type":"NOT_LISTED","project":"1572e5938187a9336afb543fd2713242b681cef47d54cb7663d7672f2f0f651f","place":"keyboard_shortcut","class":"third.party","input_event":"E"},"id":"third.party"}}
{"recorder_version":"21","session":"627d7c3413ad","build":"192.7142.36","bucket":"35","time":1580864006411,"group":{"id":"actions","version":"21"},"event":{"count":1,"data":{"context_menu":false,"current_file":"JAVA","created":1580864006411,"plugin_type":"NOT_LISTED","project":"1572e5938187a9336afb543fd2713242b681cef47d54cb7663d7672f2f0f651f","place":"keyboard_shortcut","class":"third.party","input_event":"F"},"id":"third.party"}}
{"recorder_version":"21","session":"627d7c3413ad","build":"192.7142.36","bucket":"35","time":1580864010814,"group":{"id":"file.types.usage","version":"21"},"event":{"count":1,"data":{"plugin":"com.intellij.java","created":1580864010815,"plugin_type":"JB_BUNDLED","project":"1572e5938187a9336afb543fd2713242b681cef47d54cb7663d7672f2f0f651f","type":"edit"},"id":"JAVA"}}
{"recorder_version":"21","session":"627d7c3413ad","build":"192.7142.36","bucket":"35","time":1580864013595,"group":{"id":"actions","version":"21"},"event":{"count":1,"data":{"context_menu":false,"current_file":"JAVA","created":1580864013595,"plugin_type":"NOT_LISTED","project":"1572e5938187a9336afb543fd2713242b681cef47d54cb7663d7672f2f0f651f","place":"keyboard_shortcut","class":"third.party","input_event":"V"},"id":"third.party"}}
{"recorder_version":"21","session":"627d7c3413ad","build":"192.7142.36","bucket":"35","time":1580864016836,"group":{"id":"actions","version":"21"},"event":{"count":1,"data":{"context_menu":false,"current_file":"JAVA","created":1580864016836,"plugin_type":"PLATFORM","project":"1572e5938187a9336afb543fd2713242b681cef47d54cb7663d7672f2f0f651f","place":"keyboard_shortcut","class":"com.intellij.openapi.editor.actions.MoveCaretRightAction","input_event":"Right"},"id":"EditorRight"}}
{"recorder_version":"21","session":"627d7c3413ad","build":"192.7142.36","bucket":"35","time":1580864017486,"group":{"id":"actions","version":"21"},"event":{"count":1,"data":{"context_menu":false,"current_file":"JAVA","created":1580864017486,"plugin_type":"PLATFORM","project":"1572e5938187a9336afb543fd2713242b681cef47d54cb7663d7672f2f0f651f","place":"keyboard_shortcut","class":"com.intellij.openapi.editor.actions.BackspaceAction","input_event":"Backspace"},"id":"EditorBackSpace"}}
{"recorder_version":"21","session":"627d7c3413ad","build":"192.7142.36","bucket":"35","time":1580864018705,"group":{"id":"actions","version":"21"},"event":{"count":1,"data":{"context_menu":false,"current_file":"JAVA","created":1580864018706,"plugin_type":"PLATFORM","project":"1572e5938187a9336afb543fd2713242b681cef47d54cb7663d7672f2f0f651f","place":"keyboard_shortcut","class":"com.intellij.openapi.editor.actions.MoveCaretRightAction","input_event":"Right"},"id":"EditorRight"}}
{"recorder_version":"21","session":"627d7c3413ad","build":"192.7142.36","bucket":"35","time":1580864018967,"group":{"id":"actions","version":"21"},"event":{"count":1,"data":{"context_menu":false,"current_file":"JAVA","created":1580864018967,"plugin_type":"PLATFORM","project":"1572e5938187a9336afb543fd2713242b681cef47d54cb7663d7672f2f0f651f","place":"keyboard_shortcut","class":"com.intellij.openapi.editor.actions.EnterAction","input_event":"Enter"},"id":"EditorEnter"}}
{"recorder_version":"21","session":"627d7c3413ad","build":"192.7142.36","bucket":"35","time":1580864020430,"group":{"id":"actions","version":"21"},"event":{"count":2,"data":{"context_menu":false,"last":1580864020544,"current_file":"JAVA","created":1580864020430,"plugin_type":"PLATFORM","project":"1572e5938187a9336afb543fd2713242b681cef47d54cb7663d7672f2f0f651f","place":"keyboard_shortcut","class":"com.intellij.openapi.editor.actions.BackspaceAction","input_event":"Backspace"},"id":"EditorBackSpace"}}
{"recorder_version":"21","session":"627d7c3413ad","build":"192.7142.36","bucket":"35","time":1580864023605,"group":{"id":"productivity","version":"21"},"event":{"count":13,"data":{"last":1580864024742,"created":1580864023605,"plugin_type":"PLATFORM"},"id":"editing.completion.variable.name"}}
{"recorder_version":"21","session":"627d7c3413ad","build":"192.7142.36","bucket":"35","time":1580864025241,"group":{"id":"actions","version":"21"},"event":{"count":2,"data":{"context_menu":false,"last":1580864025375,"current_file":"JAVA","created":1580864025241,"plugin_type":"PLATFORM","project":"1572e5938187a9336afb543fd2713242b681cef47d54cb7663d7672f2f0f651f","place":"keyboard_shortcut","class":"com.intellij.openapi.editor.actions.BackspaceAction","input_event":"Backspace"},"id":"EditorBackSpace"}}
{"recorder_version":"21","session":"627d7c3413ad","build":"192.7142.36","bucket":"35","time":1580864025577,"group":{"id":"productivity","version":"21"},"event":{"count":4,"data":{"last":1580864025642,"created":1580864025578,"plugin_type":"PLATFORM"},"id":"editing.completion.variable.name"}}
{"recorder_version":"21","session":"627d7c3413ad","build":"192.7142.36","bucket":"35","time":1580864031758,"group":{"id":"actions","version":"21"},"event":{"count":1,"data":{"context_menu":false,"current_file":"JAVA","created":1580864031758,"plugin_type":"NOT_LISTED","project":"1572e5938187a9336afb543fd2713242b681cef47d54cb7663d7672f2f0f651f","place":"keyboard_shortcut","class":"third.party","input_event":"A"},"id":"third.party"}}
{"recorder_version":"21","session":"627d7c3413ad","build":"192.7142.36","bucket":"35","time":1580864045639,"group":{"id":"performance","version":"21"},"event":{"count":1,"data":{"duration_ms":0,"created":1580864045639},"id":"ui.latency"}}
{"recorder_version":"21","session":"627d7c3413ad","build":"192.7142.36","bucket":"35","time":1580864145889,"group":{"id":"performance","version":"21"},"event":{"count":1,"data":{"duration_ms":0,"created":1580864145889},"id":"ui.latency"}}
{"recorder_version":"21","session":"627d7c3413ad","build":"192.7142.36","bucket":"35","time":1580864216906,"group":{"id":"lifecycle","version":"21"},"event":{"count":1,"data":{"created":1580864216909,"project":"1572e5938187a9336afb543fd2713242b681cef47d54cb7663d7672f2f0f651f"},"id":"frame.deactivated"}}
{"recorder_version":"21","session":"627d7c3413ad","build":"192.7142.36","bucket":"35","time":1580864244773,"group":{"id":"build.tools.actions","version":"1"},"event":{"count":1,"data":{"created":1580864244773},"id":"registered"}}
{"recorder_version":"21","session":"627d7c3413ad","build":"192.7142.36","bucket":"35","time":1580864244773,"group":{"id":"file.editor","version":"2"},"event":{"count":1,"data":{"created":1580864244774},"id":"registered"}}
{"recorder_version":"21","session":"627d7c3413ad","build":"192.7142.36","bucket":"35","time":1580864244773,"group":{"id":"file.types.usage","version":"21"},"event":{"count":1,"data":{"created":1580864244774},"id":"registered"}}
{"recorder_version":"21","session":"627d7c3413ad","build":"192.7142.36","bucket":"35","time":1580864244773,"group":{"id":"ide.script.engine","version":"1"},"event":{"count":1,"data":{"created":1580864244774},"id":"registered"}}
{"recorder_version":"21","session":"627d7c3413ad","build":"192.7142.36","bucket":"35","time":1580864244773,"group":{"id":"actions.runAnything","version":"1"},"event":{"count":1,"data":{"created":1580864244775},"id":"registered"}}
{"recorder_version":"21","session":"627d7c3413ad","build":"192.7142.36","bucket":"35","time":1580864244773,"group":{"id":"toolwindow","version":"21"},"event":{"count":1,"data":{"created":1580864244775},"id":"registered"}}
{"recorder_version":"21","session":"627d7c3413ad","build":"192.7142.36","bucket":"35","time":1580864244773,"group":{"id":"kotlin.ide.newFileTempl","version":"1"},"event":{"count":1,"data":{"created":1580864244775},"id":"registered"}}
{"recorder_version":"21","session":"627d7c3413ad","build":"192.7142.36","bucket":"35","time":1580864244773,"group":{"id":"live.templates","version":"21"},"event":{"count":1,"data":{"created":1580864244775},"id":"registered"}}
{"recorder_version":"21","session":"627d7c3413ad","build":"192.7142.36","bucket":"35","time":1580864244773,"group":{"id":"ide.self.update","version":"2"},"event":{"count":1,"data":{"created":1580864244775},"id":"registered"}}
{"recorder_version":"21","session":"627d7c3413ad","build":"192.7142.36","bucket":"35","time":1580864244773,"group":{"id":"ui.settings","version":"21"},"event":{"count":1,"data":{"created":1580864244775},"id":"registered"}}
{"recorder_version":"21","session":"627d7c3413ad","build":"192.7142.36","bucket":"35","time":1580864244773,"group":{"id":"lifecycle","version":"21"},"event":{"count":1,"data":{"created":1580864244775},"id":"registered"}}
{"recorder_version":"21","session":"627d7c3413ad","build":"192.7142.36","bucket":"35","time":1580864244773,"group":{"id":"vcs.diff.trigger","version":"1"},"event":{"count":1,"data":{"created":1580864244775},"id":"registered"}}
{"recorder_version":"21","session":"627d7c3413ad","build":"192.7142.36","bucket":"35","time":1580864244773,"group":{"id":"vcs.log.trigger","version":"2"},"event":{"count":1,"data":{"created":1580864244776},"id":"registered"}}
{"recorder_version":"21","session":"627d7c3413ad","build":"192.7142.36","bucket":"35","time":1580864244773,"group":{"id":"productivity","version":"21"},"event":{"count":1,"data":{"created":1580864244776},"id":"registered"}}
{"recorder_version":"21","session":"627d7c3413ad","build":"192.7142.36","bucket":"35","time":1580864244773,"group":{"id":"debugger.breakpoints.usage","version":"2"},"event":{"count":1,"data":{"created":1580864244776},"id":"registered"}}
{"recorder_version":"21","session":"627d7c3413ad","build":"192.7142.36","bucket":"35","time":1580864244773,"group":{"id":"kotlin.gradle.library","version":"1"},"event":{"count":1,"data":{"created":1580864244776},"id":"registered"}}
{"recorder_version":"21","session":"627d7c3413ad","build":"192.7142.36","bucket":"35","time":1580864244773,"group":{"id":"find","version":"1"},"event":{"count":1,"data":{"created":1580864244776},"id":"registered"}}
{"recorder_version":"21","session":"627d7c3413ad","build":"192.7142.36","bucket":"35","time":1580864244773,"group":{"id":"kotlin.gradle.target","version":"1"},"event":{"count":1,"data":{"created":1580864244776},"id":"registered"}}
{"recorder_version":"21","session":"627d7c3413ad","build":"192.7142.36","bucket":"35","time":1580864244773,"group":{"id":"gutter.icon.click","version":"1"},"event":{"count":1,"data":{"created":1580864244776},"id":"registered"}}
{"recorder_version":"21","session":"627d7c3413ad","build":"192.7142.36","bucket":"35","time":1580864244773,"group":{"id":"shell.script","version":"1"},"event":{"count":1,"data":{"created":1580864244776},"id":"registered"}}
{"recorder_version":"21","session":"627d7c3413ad","build":"192.7142.36","bucket":"35","time":1580864244773,"group":{"id":"kotlin.ide.debugger.eval","version":"1"},"event":{"count":1,"data":{"created":1580864244777},"id":"registered"}}
{"recorder_version":"21","session":"627d7c3413ad","build":"192.7142.36","bucket":"35","time":1580864244773,"group":{"id":"build.maven.actions","version":"1"},"event":{"count":1,"data":{"created":1580864244777},"id":"registered"}}
{"recorder_version":"21","session":"627d7c3413ad","build":"192.7142.36","bucket":"35","time":1580864244773,"group":{"id":"ui.event","version":"1"},"event":{"count":1,"data":{"created":1580864244777},"id":"registered"}}
{"recorder_version":"21","session":"627d7c3413ad","build":"192.7142.36","bucket":"35","time":1580864244773,"group":{"id":"new.project.wizard","version":"1"},"event":{"count":1,"data":{"created":1580864244777},"id":"registered"}}
{"recorder_version":"21","session":"627d7c3413ad","build":"192.7142.36","bucket":"35","time":1580864244773,"group":{"id":"kotlin.ide.npwizards","version":"1"},"event":{"count":1,"data":{"created":1580864244777},"id":"registered"}}
{"recorder_version":"21","session":"627d7c3413ad","build":"192.7142.36","bucket":"35","time":1580864244773,"group":{"id":"intentions","version":"21"},"event":{"count":1,"data":{"created":1580864244777},"id":"registered"}}
{"recorder_version":"21","session":"627d7c3413ad","build":"192.7142.36","bucket":"35","time":1580864244773,"group":{"id":"ui.dialogs","version":"21"},"event":{"count":1,"data":{"created":1580864244777},"id":"registered"}}
{"recorder_version":"21","session":"627d7c3413ad","build":"192.7142.36","bucket":"35","time":1580864244773,"group":{"id":"vcs.back.forward.trigger","version":"1"},"event":{"count":1,"data":{"created":1580864244777},"id":"registered"}}
{"recorder_version":"21","session":"627d7c3413ad","build":"192.7142.36","bucket":"35","time":1580864244773,"group":{"id":"vcs.change.reminder","version":"1"},"event":{"count":1,"data":{"created":1580864244778},"id":"registered"}}
{"recorder_version":"21","session":"627d7c3413ad","build":"192.7142.36","bucket":"35","time":1580864244773,"group":{"id":"toolbar","version":"21"},"event":{"count":1,"data":{"created":1580864244778},"id":"registered"}}
{"recorder_version":"21","session":"627d7c3413ad","build":"192.7142.36","bucket":"35","time":1580864244773,"group":{"id":"build.gradle.actions","version":"1"},"event":{"count":1,"data":{"created":1580864244778},"id":"registered"}}
{"recorder_version":"21","session":"627d7c3413ad","build":"192.7142.36","bucket":"35","time":1580864244773,"group":{"id":"kotlin.maven.target","version":"1"},"event":{"count":1,"data":{"created":1580864244778},"id":"registered"}}
{"recorder_version":"21","session":"627d7c3413ad","build":"192.7142.36","bucket":"35","time":1580864244773,"group":{"id":"performance","version":"21"},"event":{"count":1,"data":{"created":1580864244778},"id":"registered"}}
{"recorder_version":"21","session":"627d7c3413ad","build":"192.7142.36","bucket":"35","time":1580864244773,"group":{"id":"searchEverywhere","version":"1"},"event":{"count":1,"data":{"created":1580864244778},"id":"registered"}}
{"recorder_version":"21","session":"627d7c3413ad","build":"192.7142.36","bucket":"35","time":1580864244773,"group":{"id":"kotlin.ide.action.refactoring","version":"1"},"event":{"count":1,"data":{"created":1580864244778},"id":"registered"}}
{"recorder_version":"21","session":"627d7c3413ad","build":"192.7142.36","bucket":"35","time":1580864244773,"group":{"id":"ui.tips","version":"2"},"event":{"count":1,"data":{"created":1580864244778},"id":"registered"}}
{"recorder_version":"21","session":"627d7c3413ad","build":"192.7142.36","bucket":"35","time":1580864244773,"group":{"id":"surround.with","version":"1"},"event":{"count":1,"data":{"created":1580864244778},"id":"registered"}}
{"recorder_version":"21","session":"627d7c3413ad","build":"192.7142.36","bucket":"35","time":1580864244773,"group":{"id":"import.old.config","version":"1"},"event":{"count":1,"data":{"created":1580864244778},"id":"registered"}}
{"recorder_version":"21","session":"627d7c3413ad","build":"192.7142.36","bucket":"35","time":1580864244773,"group":{"id":"json.schema","version":"1"},"event":{"count":1,"data":{"created":1580864244779},"id":"registered"}}
{"recorder_version":"21","session":"627d7c3413ad","build":"192.7142.36","bucket":"35","time":1580864244773,"group":{"id":"kotlin.jps.target","version":"1"},"event":{"count":1,"data":{"created":1580864244779},"id":"registered"}}
{"recorder_version":"21","session":"627d7c3413ad","build":"192.7142.36","bucket":"35","time":1580864244773,"group":{"id":"terminalShell","version":"1"},"event":{"count":1,"data":{"created":1580864244779},"id":"registered"}}
{"recorder_version":"21","session":"627d7c3413ad","build":"192.7142.36","bucket":"35","time":1580864244773,"group":{"id":"completion.postfix","version":"21"},"event":{"count":1,"data":{"created":1580864244779},"id":"registered"}}
{"recorder_version":"21","session":"627d7c3413ad","build":"192.7142.36","bucket":"35","time":1580864244773,"group":{"id":"build.ant.actions","version":"1"},"event":{"count":1,"data":{"created":1580864244779},"id":"registered"}}
{"recorder_version":"21","session":"627d7c3413ad","build":"192.7142.36","bucket":"35","time":1580864244773,"group":{"id":"actions","version":"21"},"event":{"count":1,"data":{"created":1580864244779},"id":"registered"}}
{"recorder_version":"21","session":"627d7c3413ad","build":"192.7142.36","bucket":"35","time":1580864244773,"group":{"id":"event.log","version":"21"},"event":{"count":1,"data":{"created":1580864244779},"id":"registered"}}
{"recorder_version":"21","session":"627d7c3413ad","build":"192.7142.36","bucket":"35","time":1580864244773,"group":{"id":"run.configuration.exec","version":"21"},"event":{"count":1,"data":{"created":1580864244779},"id":"registered"}}
{"recorder_version":"21","session":"627d7c3413ad","build":"192.7142.36","bucket":"35","time":1580864244773,"group":{"id":"build.maven.packagesearch","version":"2"},"event":{"count":1,"data":{"created":1580864244779},"id":"registered"}}
{"recorder_version":"21","session":"627d7c3413ad","build":"192.7142.36","bucket":"35","time":1580864246188,"group":{"id":"performance","version":"21"},"event":{"count":1,"data":{"duration_ms":0,"created":1580864246188},"id":"ui.latency"}}
{"recorder_version":"21","session":"627d7c3413ad","build":"192.7142.36","bucket":"35","time":1580864346479,"group":{"id":"performance","version":"21"},"event":{"count":1,"data":{"duration_ms":1,"created":1580864346479},"id":"ui.latency"}}
{"recorder_version":"21","session":"627d7c3413ad","build":"192.7142.36","bucket":"35","time":1580864446767,"group":{"id":"performance","version":"21"},"event":{"count":1,"data":{"duration_ms":1,"created":1580864446767},"id":"ui.latency"}}
{"recorder_version":"21","session":"627d7c3413ad","build":"192.7142.36","bucket":"35","time":1580864497326,"group":{"id":"lifecycle","version":"21"},"event":{"count":1,"data":{"created":1580864497326,"project":"1572e5938187a9336afb543fd2713242b681cef47d54cb7663d7672f2f0f651f"},"id":"frame.activated"}}
{"recorder_version":"21","session":"627d7c3413ad","build":"192.7142.36","bucket":"35","time":1580864507657,"group":{"id":"actions","version":"21"},"event":{"count":1,"data":{"context_menu":true,"current_file":"JAVA","created":1580864507658,"plugin_type":"NOT_LISTED","project":"1572e5938187a9336afb543fd2713242b681cef47d54cb7663d7672f2f0f651f","place":"MainMenu","class":"third.party","input_event":"NoMouseButton"},"id":"third.party"}}
{"recorder_version":"21","session":"627d7c3413ad","build":"192.7142.36","bucket":"35","time":1580864507663,"group":{"id":"ui.dialogs","version":"21"},"event":{"count":1,"data":{"created":1580864507663,"plugin_type":"PLATFORM","type":"show"},"id":"com.intellij.openapi.ui.Messages$InputDialog"}}
{"recorder_version":"21","session":"627d7c3413ad","build":"192.7142.36","bucket":"35","time":1580864537689,"group":{"id":"ui.dialogs","version":"21"},"event":{"count":1,"data":{"code":1,"created":1580864537689,"plugin_type":"PLATFORM","type":"close"},"id":"com.intellij.openapi.ui.Messages$InputDialog"}}
{"recorder_version":"21","session":"627d7c3413ad","build":"192.7142.36","bucket":"35","time":1580864537703,"group":{"id":"lifecycle","version":"21"},"event":{"count":1,"data":{"created":1580864537703,"project":"1572e5938187a9336afb543fd2713242b681cef47d54cb7663d7672f2f0f651f"},"id":"frame.deactivated"}}
{"recorder_version":"21","session":"627d7c3413ad","build":"192.7142.36","bucket":"35","time":1580864537788,"group":{"id":"lifecycle","version":"21"},"event":{"count":1,"data":{"created":1580864537788,"project":"1572e5938187a9336afb543fd2713242b681cef47d54cb7663d7672f2f0f651f"},"id":"frame.activated"}}
{"recorder_version":"21","session":"627d7c3413ad","build":"192.7142.36","bucket":"35","time":1580864537799,"group":{"id":"lifecycle","version":"21"},"event":{"count":1,"data":{"created":1580864537799,"plugin_type":"NOT_LISTED","error":"java.lang.NullPointerException"},"id":"ide.error"}}
{"recorder_version":"21","session":"627d7c3413ad","build":"192.7142.36","bucket":"35","time":1580864541963,"group":{"id":"actions","version":"21"},"event":{"count":1,"data":{"context_menu":false,"created":1580864541963,"plugin_type":"PLATFORM","project":"1572e5938187a9336afb543fd2713242b681cef47d54cb7663d7672f2f0f651f","place":"unknown","class":"com.intellij.diagnostic.IdeMessagePanel$4"},"id":"com.intellij.diagnostic.IdeMessagePanel$4"}}
{"recorder_version":"21","session":"627d7c3413ad","build":"192.7142.36","bucket":"35","time":1580864542012,"group":{"id":"ui.dialogs","version":"21"},"event":{"count":1,"data":{"created":1580864542012,"plugin_type":"PLATFORM","type":"show"},"id":"com.intellij.diagnostic.IdeMessagePanel$3"}}
{"recorder_version":"21","session":"627d7c3413ad","build":"192.7142.36","bucket":"35","time":1580864542167,"group":{"id":"performance","version":"21"},"event":{"count":1,"data":{"duration_ms":109,"created":1580864542168},"id":"ui.lagging"}}
{"recorder_version":"21","session":"627d7c3413ad","build":"192.7142.36","bucket":"35","time":1580864547069,"group":{"id":"performance","version":"21"},"event":{"count":1,"data":{"duration_ms":1,"created":1580864547069},"id":"ui.latency"}}
{"recorder_version":"21","session":"627d7c3413ad","build":"192.7142.36","bucket":"35","time":1580864568699,"group":{"id":"ui.dialogs","version":"21"},"event":{"count":1,"data":{"code":1,"created":1580864568701,"plugin_type":"PLATFORM","type":"close"},"id":"com.intellij.diagnostic.IdeMessagePanel$3"}}
{"recorder_version":"21","session":"627d7c3413ad","build":"192.7142.36","bucket":"35","time":1580864572668,"group":{"id":"lifecycle","version":"21"},"event":{"count":1,"data":{"created":1580864572668,"project":"1572e5938187a9336afb543fd2713242b681cef47d54cb7663d7672f2f0f651f"},"id":"frame.deactivated"}}
{"recorder_version":"21","session":"627d7c3413ad","build":"192.7142.36","bucket":"35","time":1580864647368,"group":{"id":"performance","version":"21"},"event":{"count":1,"data":{"duration_ms":0,"created":1580864647369},"id":"ui.latency"}}
{"recorder_version":"21","session":"627d7c3413ad","build":"192.7142.36","bucket":"35","time":1580864747666,"group":{"id":"performance","version":"21"},"event":{"count":1,"data":{"duration_ms":0,"created":1580864747666},"id":"ui.latency"}}
{"recorder_version":"21","session":"627d7c3413ad","build":"192.7142.36","bucket":"35","time":1580864844705,"group":{"id":"plugins","version":"1"},"event":{"state":true,"data":{"created":1580864844705,"plugin_type":"NOT_LISTED"},"id":"enabled.not.bundled.plugin"}}
{"recorder_version":"21","session":"627d7c3413ad","build":"192.7142.36","bucket":"35","time":1580864844705,"group":{"id":"plugins","version":"1"},"event":{"state":true,"data":{"created":1580864844705},"id":"invoked"}}
{"recorder_version":"21","session":"627d7c3413ad","build":"192.7142.36","bucket":"35","time":1580864844706,"group":{"id":"system.runtime","version":"2"},"event":{"state":true,"data":{"created":1580864844706,"name":"G1_Old_Generation"},"id":"garbage.collector"}}
{"recorder_version":"21","session":"627d7c3413ad","build":"192.7142.36","bucket":"35","time":1580864844706,"group":{"id":"system.runtime","version":"2"},"event":{"state":true,"data":{"created":1580864844706,"name":"Xmx","value":512},"id":"jvm.option"}}
{"recorder_version":"21","session":"627d7c3413ad","build":"192.7142.36","bucket":"35","time":1580864844706,"group":{"id":"system.runtime","version":"2"},"event":{"state":true,"data":{"vendor":"JetBrains","created":1580864844707,"bit":"64","version":"1.11"},"id":"jvm"}}
{"recorder_version":"21","session":"627d7c3413ad","build":"192.7142.36","bucket":"35","time":1580864844706,"group":{"id":"system.runtime","version":"2"},"event":{"state":true,"data":{"created":1580864844707,"value":12},"id":"cores"}}
{"recorder_version":"21","session":"627d7c3413ad","build":"192.7142.36","bucket":"35","time":1580864844706,"group":{"id":"system.runtime","version":"2"},"event":{"state":true,"data":{"created":1580864844707,"name":"G1_Young_Generation"},"id":"garbage.collector"}}
{"recorder_version":"21","session":"627d7c3413ad","build":"192.7142.36","bucket":"35","time":1580864844706,"group":{"id":"system.runtime","version":"2"},"event":{"state":true,"data":{"created":1580864844707,"name":"Xms","value":256},"id":"jvm.option"}}
{"recorder_version":"21","session":"627d7c3413ad","build":"192.7142.36","bucket":"35","time":1580864844706,"group":{"id":"system.runtime","version":"2"},"event":{"state":true,"data":{"created":1580864844708},"id":"invoked"}}
{"recorder_version":"21","session":"627d7c3413ad","build":"192.7142.36","bucket":"35","time":1580864844708,"group":{"id":"ui.hidpi.mode","version":"1"},"event":{"state":true,"data":{"os":"Mac","created":1580864844708},"id":"per_monitor_dpi"}}
{"recorder_version":"21","session":"627d7c3413ad","build":"192.7142.36","bucket":"35","time":1580864844708,"group":{"id":"ui.hidpi.mode","version":"1"},"event":{"state":true,"data":{"created":1580864844708},"id":"invoked"}}
{"recorder_version":"21","session":"627d7c3413ad","build":"192.7142.36","bucket":"35","time":1580864844718,"group":{"id":"editor.settings.ide","version":"2"},"event":{"state":true,"data":{"created":1580864844718,"enabled":true},"id":"completionHints"}}
{"recorder_version":"21","session":"627d7c3413ad","build":"192.7142.36","bucket":"35","time":1580864844718,"group":{"id":"editor.settings.ide","version":"2"},"event":{"state":true,"data":{"created":1580864844718},"id":"invoked"}}
{"recorder_version":"21","session":"627d7c3413ad","build":"192.7142.36","bucket":"35","time":1580864844725,"group":{"id":"vcs.diff","version":"2"},"event":{"state":true,"data":{"created":1580864844725},"id":"invoked"}}
{"recorder_version":"21","session":"627d7c3413ad","build":"192.7142.36","bucket":"35","time":1580864844725,"group":{"id":"user.advanced.info","version":"2"},"event":{"state":true,"data":{"created":1580864844725,"value":"release"},"id":"build"}}
{"recorder_version":"21","session":"627d7c3413ad","build":"192.7142.36","bucket":"35","time":1580864844725,"group":{"id":"user.advanced.info","version":"2"},"event":{"state":true,"data":{"created":1580864844725},"id":"release"}}
{"recorder_version":"21","session":"627d7c3413ad","build":"192.7142.36","bucket":"35","time":1580864844725,"group":{"id":"user.advanced.info","version":"2"},"event":{"state":true,"data":{"created":1580864844725},"id":"invoked"}}
{"recorder_version":"21","session":"627d7c3413ad","build":"192.7142.36","bucket":"35","time":1580864844725,"group":{"id":"keymaps.name","version":"1"},"event":{"state":true,"data":{"os":"Mac","created":1580864844725},"id":"Mac_OS_X_10.5+"}}
{"recorder_version":"21","session":"627d7c3413ad","build":"192.7142.36","bucket":"35","time":1580864844725,"group":{"id":"keymaps.name","version":"1"},"event":{"state":true,"data":{"created":1580864844725},"id":"invoked"}}
{"recorder_version":"21","session":"627d7c3413ad","build":"192.7142.36","bucket":"35","time":1580864844728,"group":{"id":"ui.screen.scale","version":"1"},"event":{"state":true,"data":{"os":"Mac","created":1580864844728},"id":"ScaledMode_2.0"}}
{"recorder_version":"21","session":"627d7c3413ad","build":"192.7142.36","bucket":"35","time":1580864844728,"group":{"id":"ui.screen.scale","version":"1"},"event":{"state":true,"data":{"created":1580864844728},"id":"invoked"}}
{"recorder_version":"21","session":"627d7c3413ad","build":"192.7142.36","bucket":"35","time":1580864844728,"group":{"id":"ui.fonts","version":"1"},"event":{"state":true,"data":{"os":"Mac","created":1580864844728,"value":1.2},"id":"editor.lineSpacing"}}
{"recorder_version":"21","session":"627d7c3413ad","build":"192.7142.36","bucket":"35","time":1580864844728,"group":{"id":"ui.fonts","version":"1"},"event":{"state":true,"data":{"os":"Mac","created":1580864844728},"id":"IDE.editor.font.size[12]"}}
{"recorder_version":"21","session":"627d7c3413ad","build":"192.7142.36","bucket":"35","time":1580864844728,"group":{"id":"ui.fonts","version":"1"},"event":{"state":true,"data":{"os":"Mac","created":1580864844728},"id":"UI.font.size[13]"}}
{"recorder_version":"21","session":"627d7c3413ad","build":"192.7142.36","bucket":"35","time":1580864844728,"group":{"id":"ui.fonts","version":"1"},"event":{"state":true,"data":{"os":"Mac","created":1580864844729},"id":"IDE.editor.font.name[Menlo]"}}
{"recorder_version":"21","session":"627d7c3413ad","build":"192.7142.36","bucket":"35","time":1580864844728,"group":{"id":"ui.fonts","version":"1"},"event":{"state":true,"data":{"os":"Mac","created":1580864844729},"id":"UI.font.name[.SF_NS_Text]"}}
{"recorder_version":"21","session":"627d7c3413ad","build":"192.7142.36","bucket":"35","time":1580864844728,"group":{"id":"ui.fonts","version":"1"},"event":{"state":true,"data":{"os":"Mac","created":1580864844729},"id":"Presentation.mode.font.size[24]"}}
{"recorder_version":"21","session":"627d7c3413ad","build":"192.7142.36","bucket":"35","time":1580864844728,"group":{"id":"ui.fonts","version":"1"},"event":{"state":true,"data":{"created":1580864844729},"id":"invoked"}}
{"recorder_version":"21","session":"627d7c3413ad","build":"192.7142.36","bucket":"35","time":1580864844728,"group":{"id":"vcs.log.index.application","version":"2"},"event":{"state":true,"data":{"created":1580864844729},"id":"invoked"}}
{"recorder_version":"21","session":"627d7c3413ad","build":"192.7142.36","bucket":"35","time":1580864844728,"group":{"id":"ui.look.and.feel","version":"1"},"event":{"state":true,"data":{"os":"Mac","created":1580864844729},"id":"Light"}}
{"recorder_version":"21","session":"627d7c3413ad","build":"192.7142.36","bucket":"35","time":1580864844728,"group":{"id":"ui.look.and.feel","version":"1"},"event":{"state":true,"data":{"created":1580864844729},"id":"invoked"}}
{"recorder_version":"21","session":"627d7c3413ad","build":"192.7142.36","bucket":"35","time":1580864844732,"group":{"id":"platform.registry.application","version":"1"},"event":{"state":true,"data":{"created":1580864844732,"plugin_type":"PLATFORM"},"id":"recent.and.edited.files.together"}}
{"recorder_version":"21","session":"627d7c3413ad","build":"192.7142.36","bucket":"35","time":1580864844732,"group":{"id":"platform.registry.application","version":"1"},"event":{"state":true,"data":{"created":1580864844732,"plugin_type":"PLATFORM"},"id":"inline.browse.button"}}
{"recorder_version":"21","session":"627d7c3413ad","build":"192.7142.36","bucket":"35","time":1580864844732,"group":{"id":"platform.registry.application","version":"1"},"event":{"state":true,"data":{"created":1580864844733,"plugin_type":"PLATFORM"},"id":"show.create.new.element.in.popup"}}
{"recorder_version":"21","session":"627d7c3413ad","build":"192.7142.36","bucket":"35","time":1580864844732,"group":{"id":"platform.registry.application","version":"1"},"event":{"state":true,"data":{"created":1580864844733,"plugin_type":"PLATFORM"},"id":"property.value.inplace.editing"}}
{"recorder_version":"21","session":"627d7c3413ad","build":"192.7142.36","bucket":"35","time":1580864844732,"group":{"id":"platform.registry.application","version":"1"},"event":{"state":true,"data":{"created":1580864844733},"id":"java.completion.argument.hints.internal"}}
{"recorder_version":"21","session":"627d7c3413ad","build":"192.7142.36","bucket":"35","time":1580864844732,"group":{"id":"platform.registry.application","version":"1"},"event":{"state":true,"data":{"created":1580864844733,"plugin_type":"PLATFORM"},"id":"linux.native.menu"}}
{"recorder_version":"21","session":"627d7c3413ad","build":"192.7142.36","bucket":"35","time":1580864844732,"group":{"id":"platform.registry.application","version":"1"},"event":{"state":true,"data":{"created":1580864844733,"plugin_type":"PLATFORM"},"id":"new.large.text.file.viewer"}}
{"recorder_version":"21","session":"627d7c3413ad","build":"192.7142.36","bucket":"35","time":1580864844732,"group":{"id":"platform.registry.application","version":"1"},"event":{"state":true,"data":{"created":1580864844733},"id":"invoked"}}
{"recorder_version":"21","session":"627d7c3413ad","build":"192.7142.36","bucket":"35","time":1580864844733,"group":{"id":"ui.info.features","version":"2"},"event":{"state":true,"data":{"os":"Mac","created":1580864844733},"id":"Allow.merging.buttons.enabled"}}
{"recorder_version":"21","session":"627d7c3413ad","build":"192.7142.36","bucket":"35","time":1580864844733,"group":{"id":"ui.info.features","version":"2"},"event":{"state":true,"data":{"os":"Mac","created":1580864844733},"id":"QuickDoc.AutoUpdate"}}
{"recorder_version":"21","session":"627d7c3413ad","build":"192.7142.36","bucket":"35","time":1580864844733,"group":{"id":"ui.info.features","version":"2"},"event":{"state":true,"data":{"os":"Mac","created":1580864844733},"id":"Hide.Editor.Tabs.If.Needed"}}
{"recorder_version":"21","session":"627d7c3413ad","build":"192.7142.36","bucket":"35","time":1580864844733,"group":{"id":"ui.info.features","version":"2"},"event":{"state":true,"data":{"grouped":"[30_50]","os":"Mac","created":1580864844733},"id":"recent.files"}}
{"recorder_version":"21","session":"627d7c3413ad","build":"192.7142.36","bucket":"35","time":1580864844733,"group":{"id":"ui.info.features","version":"2"},"event":{"state":true,"data":{"os":"Mac","created":1580864844734},"id":"Line.Numbers"}}
{"recorder_version":"21","session":"627d7c3413ad","build":"192.7142.36","bucket":"35","time":1580864844733,"group":{"id":"ui.info.features","version":"2"},"event":{"state":true,"data":{"os":"Mac","created":1580864844734},"id":"Tabs.Top"}}
{"recorder_version":"21","session":"627d7c3413ad","build":"192.7142.36","bucket":"35","time":1580864844733,"group":{"id":"ui.info.features","version":"2"},"event":{"state":true,"data":{"os":"Mac","created":1580864844734},"id":"Retina"}}
{"recorder_version":"21","session":"627d7c3413ad","build":"192.7142.36","bucket":"35","time":1580864844733,"group":{"id":"ui.info.features","version":"2"},"event":{"state":true,"data":{"os":"Mac","created":1580864844734},"id":"Nav.Bar.visible"}}
{"recorder_version":"21","session":"627d7c3413ad","build":"192.7142.36","bucket":"35","time":1580864844733,"group":{"id":"ui.info.features","version":"2"},"event":{"state":true,"data":{"os":"Mac","created":1580864844734},"id":"Show.Editor.Tabs.In.Single.Row"}}
{"recorder_version":"21","session":"627d7c3413ad","build":"192.7142.36","bucket":"35","time":1580864844733,"group":{"id":"ui.info.features","version":"2"},"event":{"state":true,"data":{"os":"Mac","created":1580864844734},"id":"Recent.Files[30_50]"}}
{"recorder_version":"21","session":"627d7c3413ad","build":"192.7142.36","bucket":"35","time":1580864844733,"group":{"id":"ui.info.features","version":"2"},"event":{"state":true,"data":{"os":"Mac","created":1580864844734},"id":"Status.bar.visible"}}
{"recorder_version":"21","session":"627d7c3413ad","build":"192.7142.36","bucket":"35","time":1580864844733,"group":{"id":"ui.info.features","version":"2"},"event":{"state":true,"data":{"os":"Mac","created":1580864844734},"id":"Tool.Window.buttons.hidden"}}
{"recorder_version":"21","session":"627d7c3413ad","build":"192.7142.36","bucket":"35","time":1580864844733,"group":{"id":"ui.info.features","version":"2"},"event":{"state":true,"data":{"os":"Mac","created":1580864844734},"id":"Gutter.Icons"}}
{"recorder_version":"21","session":"627d7c3413ad","build":"192.7142.36","bucket":"35","time":1580864844733,"group":{"id":"ui.info.features","version":"2"},"event":{"state":true,"data":{"os":"Mac","created":1580864844734},"id":"Show.tips.on.startup"}}
{"recorder_version":"21","session":"627d7c3413ad","build":"192.7142.36","bucket":"35","time":1580864844733,"group":{"id":"ui.info.features","version":"2"},"event":{"state":true,"data":{"os":"Mac","created":1580864844735},"id":"Toolbar.hidden"}}
{"recorder_version":"21","session":"627d7c3413ad","build":"192.7142.36","bucket":"35","time":1580864844733,"group":{"id":"ui.info.features","version":"2"},"event":{"state":true,"data":{"os":"Mac","created":1580864844735},"id":"Toolbar.and.NavBar"}}
{"recorder_version":"21","session":"627d7c3413ad","build":"192.7142.36","bucket":"35","time":1580864844733,"group":{"id":"ui.info.features","version":"2"},"event":{"state":true,"data":{"created":1580864844735},"id":"invoked"}}
{"recorder_version":"21","session":"627d7c3413ad","build":"192.7142.36","bucket":"35","time":1580864844733,"group":{"id":"vcs.application.configuration","version":"1"},"event":{"state":true,"data":{"created":1580864844735},"id":"invoked"}}
{"recorder_version":"21","session":"627d7c3413ad","build":"192.7142.36","bucket":"35","time":1580864844733,"group":{"id":"ui.editor.color.schemes","version":"2"},"event":{"state":true,"data":{"os":"Mac","created":1580864844735,"value":false},"id":"Default"}}
{"recorder_version":"21","session":"627d7c3413ad","build":"192.7142.36","bucket":"35","time":1580864844733,"group":{"id":"ui.editor.color.schemes","version":"2"},"event":{"state":true,"data":{"created":1580864844735},"id":"invoked"}}
{"recorder_version":"21","session":"627d7c3413ad","build":"192.7142.36","bucket":"35","time":1580864844733,"group":{"id":"os.linux.wm","version":"1"},"event":{"state":true,"data":{"created":1580864844735},"id":"invoked"}}
{"recorder_version":"21","session":"627d7c3413ad","build":"192.7142.36","bucket":"35","time":1580864844733,"group":{"id":"ui.accessibility.screen.reader","version":"1"},"event":{"state":true,"data":{"os":"Mac","created":1580864844735},"id":"screen.reader.DISABLED"}}
{"recorder_version":"21","session":"627d7c3413ad","build":"192.7142.36","bucket":"35","time":1580864844733,"group":{"id":"ui.accessibility.screen.reader","version":"1"},"event":{"state":true,"data":{"created":1580864844736},"id":"invoked"}}
{"recorder_version":"21","session":"627d7c3413ad","build":"192.7142.36","bucket":"35","time":1580864844736,"group":{"id":"debugger.settings.ide","version":"2"},"event":{"state":true,"data":{"created":1580864844737},"id":"invoked"}}
{"recorder_version":"21","session":"627d7c3413ad","build":"192.7142.36","bucket":"35","time":1580864844746,"group":{"id":"vcs.github","version":"1"},"event":{"state":true,"data":{"created":1580864844747},"id":"github.accounts.not.default.host.disabled"}}
{"recorder_version":"21","session":"627d7c3413ad","build":"192.7142.36","bucket":"35","time":1580864844746,"group":{"id":"vcs.github","version":"1"},"event":{"state":true,"data":{"created":1580864844747},"id":"github.accounts.count.0"}}
{"recorder_version":"21","session":"627d7c3413ad","build":"192.7142.36","bucket":"35","time":1580864844746,"group":{"id":"vcs.github","version":"1"},"event":{"state":true,"data":{"created":1580864844747},"id":"invoked"}}
{"recorder_version":"21","session":"627d7c3413ad","build":"192.7142.36","bucket":"35","time":1580864848007,"group":{"id":"performance","version":"21"},"event":{"count":1,"data":{"duration_ms":0,"created":1580864848007},"id":"ui.latency"}}
{"recorder_version":"21","session":"627d7c3413ad","build":"192.7142.36","bucket":"35","time":1580864948277,"group":{"id":"performance","version":"21"},"event":{"count":1,"data":{"duration_ms":0,"created":1580864948277},"id":"ui.latency"}}
{"recorder_version":"21","session":"627d7c3413ad","build":"192.7142.36","bucket":"35","time":1580865048572,"group":{"id":"performance","version":"21"},"event":{"count":1,"data":{"duration_ms":1,"created":1580865048572},"id":"ui.latency"}}
{"recorder_version":"21","session":"627d7c3413ad","build":"192.7142.36","bucket":"35","time":1580866996582,"group":{"id":"performance","version":"21"},"event":{"count":1,"data":{"duration_ms":13,"created":1580866996590},"id":"ui.latency"}}
{"recorder_version":"21","session":"627d7c3413ad","build":"192.7142.36","bucket":"35","time":1580867598109,"group":{"id":"performance","version":"21"},"event":{"count":1,"data":{"duration_ms":2,"created":1580867598112},"id":"ui.latency"}}
{"recorder_version":"21","session":"627d7c3413ad","build":"192.7142.36","bucket":"35","time":1580867698200,"group":{"id":"performance","version":"21"},"event":{"count":1,"data":{"duration_ms":0,"created":1580867698201},"id":"ui.latency"}}
{"recorder_version":"21","session":"627d7c3413ad","build":"192.7142.36","bucket":"35","time":1580867798478,"group":{"id":"performance","version":"21"},"event":{"count":1,"data":{"duration_ms":0,"created":1580867798479},"id":"ui.latency"}}
{"recorder_version":"21","session":"627d7c3413ad","build":"192.7142.36","bucket":"35","time":1580867898785,"group":{"id":"performance","version":"21"},"event":{"count":1,"data":{"duration_ms":0,"created":1580867898785},"id":"ui.latency"}}
{"recorder_version":"21","session":"627d7c3413ad","build":"192.7142.36","bucket":"35","time":1580867935425,"group":{"id":"event.log","version":"21"},"event":{"count":1,"data":{"total":20,"created":1580867935426,"failed":0,"send":20},"id":"logs.send"}}
{"recorder_version":"21","session":"627d7c3413ad","build":"192.7142.36","bucket":"35","time":1580867999042,"group":{"id":"performance","version":"21"},"event":{"count":1,"data":{"duration_ms":1,"created":1580867999042},"id":"ui.latency"}}
{"recorder_version":"21","session":"627d7c3413ad","build":"192.7142.36","bucket":"35","time":1580868099303,"group":{"id":"performance","version":"21"},"event":{"count":1,"data":{"duration_ms":0,"created":1580868099304},"id":"ui.latency"}}
{"recorder_version":"21","session":"627d7c3413ad","build":"192.7142.36","bucket":"35","time":1580868199582,"group":{"id":"performance","version":"21"},"event":{"count":1,"data":{"duration_ms":0,"created":1580868199582},"id":"ui.latency"}}
{"recorder_version":"21","session":"627d7c3413ad","build":"192.7142.36","bucket":"35","time":1580868220223,"group":{"id":"vcs.log.ui","version":"2"},"event":{"state":true,"data":{"created":1580868220223,"project":"1572e5938187a9336afb543fd2713242b681cef47d54cb7663d7672f2f0f651f"},"id":"invoked"}}
{"recorder_version":"21","session":"627d7c3413ad","build":"192.7142.36","bucket":"35","time":1580868220239,"group":{"id":"vcs.settings","version":"2"},"event":{"state":true,"data":{"created":1580868220239,"project":"1572e5938187a9336afb543fd2713242b681cef47d54cb7663d7672f2f0f651f"},"id":"invoked"}}
{"recorder_version":"21","session":"627d7c3413ad","build":"192.7142.36","bucket":"35","time":1580868220419,"group":{"id":"file.types","version":"1"},"event":{"state":true,"data":{"plugin":"com.intellij.java","created":1580868220420,"plugin_type":"JB_BUNDLED","project":"1572e5938187a9336afb543fd2713242b681cef47d54cb7663d7672f2f0f651f"},"id":"JAVA"}}
{"recorder_version":"21","session":"627d7c3413ad","build":"192.7142.36","bucket":"35","time":1580868220419,"group":{"id":"file.types","version":"1"},"event":{"state":true,"data":{"created":1580868220420,"plugin_type":"PLATFORM","project":"1572e5938187a9336afb543fd2713242b681cef47d54cb7663d7672f2f0f651f"},"id":"IDEA_MODULE"}}
{"recorder_version":"21","session":"627d7c3413ad","build":"192.7142.36","bucket":"35","time":1580868220419,"group":{"id":"file.types","version":"1"},"event":{"state":true,"data":{"created":1580868220420,"project":"1572e5938187a9336afb543fd2713242b681cef47d54cb7663d7672f2f0f651f"},"id":"invoked"}}
{"recorder_version":"21","session":"627d7c3413ad","build":"192.7142.36","bucket":"35","time":1580868220420,"group":{"id":"vcs.log.data","version":"2"},"event":{"state":true,"data":{"created":1580868220420,"project":"1572e5938187a9336afb543fd2713242b681cef47d54cb7663d7672f2f0f651f"},"id":"invoked"}}
{"recorder_version":"21","session":"627d7c3413ad","build":"192.7142.36","bucket":"35","time":1580868220449,"group":{"id":"build.ant.state","version":"1"},"event":{"state":true,"data":{"created":1580868220449,"project":"1572e5938187a9336afb543fd2713242b681cef47d54cb7663d7672f2f0f651f"},"id":"invoked"}}
{"recorder_version":"21","session":"627d7c3413ad","build":"192.7142.36","bucket":"35","time":1580868220466,"group":{"id":"project.structure","version":"2"},"event":{"state":true,"data":{"created":1580868220466,"count":1,"project":"1572e5938187a9336afb543fd2713242b681cef47d54cb7663d7672f2f0f651f"},"id":"content.roots.total"}}
{"recorder_version":"21","session":"627d7c3413ad","build":"192.7142.36","bucket":"35","time":1580868220466,"group":{"id":"project.structure","version":"2"},"event":{"state":true,"data":{"created":1580868220466,"count":0,"project":"1572e5938187a9336afb543fd2713242b681cef47d54cb7663d7672f2f0f651f"},"id":"package.prefix"}}
{"recorder_version":"21","session":"627d7c3413ad","build":"192.7142.36","bucket":"35","time":1580868220466,"group":{"id":"project.structure","version":"2"},"event":{"state":true,"data":{"created":1580868220466,"count":1,"project":"1572e5938187a9336afb543fd2713242b681cef47d54cb7663d7672f2f0f651f"},"id":"source.roots.total"}}
{"recorder_version":"21","session":"627d7c3413ad","build":"192.7142.36","bucket":"35","time":1580868220466,"group":{"id":"project.structure","version":"2"},"event":{"state":true,"data":{"created":1580868220467,"count":1,"project":"1572e5938187a9336afb543fd2713242b681cef47d54cb7663d7672f2f0f651f"},"id":"modules.total"}}
{"recorder_version":"21","session":"627d7c3413ad","build":"192.7142.36","bucket":"35","time":1580868220466,"group":{"id":"project.structure","version":"2"},"event":{"state":true,"data":{"created":1580868220467,"count":0,"project":"1572e5938187a9336afb543fd2713242b681cef47d54cb7663d7672f2f0f651f"},"id":"excluded.roots.total"}}
{"recorder_version":"21","session":"627d7c3413ad","build":"192.7142.36","bucket":"35","time":1580868220466,"group":{"id":"project.structure","version":"2"},"event":{"state":true,"data":{"created":1580868220467,"count":1,"project":"1572e5938187a9336afb543fd2713242b681cef47d54cb7663d7672f2f0f651f","type":"java-source"},"id":"source.root"}}
{"recorder_version":"21","session":"627d7c3413ad","build":"192.7142.36","bucket":"35","time":1580868220466,"group":{"id":"project.structure","version":"2"},"event":{"state":true,"data":{"created":1580868220467,"project":"1572e5938187a9336afb543fd2713242b681cef47d54cb7663d7672f2f0f651f"},"id":"invoked"}}
{"recorder_version":"21","session":"627d7c3413ad","build":"192.7142.36","bucket":"35","time":1580868220472,"group":{"id":"vcs.configuration","version":"2"},"event":{"state":true,"data":{"created":1580868220473,"count":0,"project":"1572e5938187a9336afb543fd2713242b681cef47d54cb7663d7672f2f0f651f"},"id":"ignored.files"}}
{"recorder_version":"21","session":"627d7c3413ad","build":"192.7142.36","bucket":"35","time":1580868220472,"group":{"id":"vcs.configuration","version":"2"},"event":{"state":true,"data":{"created":1580868220473,"count":0,"project":"1572e5938187a9336afb543fd2713242b681cef47d54cb7663d7672f2f0f651f"},"id":"unversioned.files"}}
{"recorder_version":"21","session":"627d7c3413ad","build":"192.7142.36","bucket":"35","time":1580868220472,"group":{"id":"vcs.configuration","version":"2"},"event":{"state":true,"data":{"created":1580868220473,"count":0,"project":"1572e5938187a9336afb543fd2713242b681cef47d54cb7663d7672f2f0f651f"},"id":"mapped.roots"}}
{"recorder_version":"21","session":"627d7c3413ad","build":"192.7142.36","bucket":"35","time":1580868220472,"group":{"id":"vcs.configuration","version":"2"},"event":{"state":true,"data":{"created":1580868220473,"count":1,"project":"1572e5938187a9336afb543fd2713242b681cef47d54cb7663d7672f2f0f651f"},"id":"changelists"}}
{"recorder_version":"21","session":"627d7c3413ad","build":"192.7142.36","bucket":"35","time":1580868220472,"group":{"id":"vcs.configuration","version":"2"},"event":{"state":true,"data":{"created":1580868220473,"project":"1572e5938187a9336afb543fd2713242b681cef47d54cb7663d7672f2f0f651f"},"id":"invoked"}}
{"recorder_version":"21","session":"627d7c3413ad","build":"192.7142.36","bucket":"35","time":1580868220478,"group":{"id":"build.tools.state","version":"1"},"event":{"state":true,"data":{"created":1580868220478,"count":0,"externalSystemId":"Gradle","project":"1572e5938187a9336afb543fd2713242b681cef47d54cb7663d7672f2f0f651f"},"id":"numberOfLinkedProject"}}
{"recorder_version":"21","session":"627d7c3413ad","build":"192.7142.36","bucket":"35","time":1580868220478,"group":{"id":"build.tools.state","version":"1"},"event":{"state":true,"data":{"created":1580868220478,"project":"1572e5938187a9336afb543fd2713242b681cef47d54cb7663d7672f2f0f651f"},"id":"invoked"}}
{"recorder_version":"21","session":"627d7c3413ad","build":"192.7142.36","bucket":"35","time":1580868220490,"group":{"id":"git.configuration","version":"2"},"event":{"state":true,"data":{"created":1580868220490,"project":"1572e5938187a9336afb543fd2713242b681cef47d54cb7663d7672f2f0f651f","type":"NULL","version":"0.0.0"},"id":"executable"}}
{"recorder_version":"21","session":"627d7c3413ad","build":"192.7142.36","bucket":"35","time":1580868220490,"group":{"id":"git.configuration","version":"2"},"event":{"state":true,"data":{"created":1580868220491,"project":"1572e5938187a9336afb543fd2713242b681cef47d54cb7663d7672f2f0f651f"},"id":"invoked"}}
{"recorder_version":"21","session":"627d7c3413ad","build":"192.7142.36","bucket":"35","time":1580868220491,"group":{"id":"build.tools","version":"1"},"event":{"state":true,"data":{"created":1580868220491,"project":"1572e5938187a9336afb543fd2713242b681cef47d54cb7663d7672f2f0f651f"},"id":"invoked"}}
{"recorder_version":"21","session":"627d7c3413ad","build":"192.7142.36","bucket":"35","time":1580868220491,"group":{"id":"vcs.log.index.project","version":"2"},"event":{"state":true,"data":{"created":1580868220491,"project":"1572e5938187a9336afb543fd2713242b681cef47d54cb7663d7672f2f0f651f"},"id":"invoked"}}
{"recorder_version":"21","session":"627d7c3413ad","build":"192.7142.36","bucket":"35","time":1580868221035,"group":{"id":"javaLibraryJars","version":"1"},"event":{"state":true,"data":{"created":1580868221035,"project":"1572e5938187a9336afb543fd2713242b681cef47d54cb7663d7672f2f0f651f"},"id":"invoked"}}
{"recorder_version":"21","session":"627d7c3413ad","build":"192.7142.36","bucket":"35","time":1580868221036,"group":{"id":"editor.settings.project","version":"2"},"event":{"state":true,"data":{"created":1580868221036,"project":"1572e5938187a9336afb543fd2713242b681cef47d54cb7663d7672f2f0f651f"},"id":"invoked"}}
{"recorder_version":"21","session":"627d7c3413ad","build":"192.7142.36","bucket":"35","time":1580868221036,"group":{"id":"build.gradle.state","version":"1"},"event":{"state":true,"data":{"created":1580868221036,"project":"1572e5938187a9336afb543fd2713242b681cef47d54cb7663d7672f2f0f651f"},"id":"invoked"}}
{"recorder_version":"21","session":"627d7c3413ad","build":"192.7142.36","bucket":"35","time":1580868221042,"group":{"id":"debugger.breakpoints","version":"2"},"event":{"state":true,"data":{"created":1580868221042,"count":0,"project":"1572e5938187a9336afb543fd2713242b681cef47d54cb7663d7672f2f0f651f"},"id":"total"}}
{"recorder_version":"21","session":"627d7c3413ad","build":"192.7142.36","bucket":"35","time":1580868221042,"group":{"id":"debugger.breakpoints","version":"2"},"event":{"state":true,"data":{"created":1580868221042,"count":0,"project":"1572e5938187a9336afb543fd2713242b681cef47d54cb7663d7672f2f0f651f"},"id":"total.disabled"}}
{"recorder_version":"21","session":"627d7c3413ad","build":"192.7142.36","bucket":"35","time":1580868221042,"group":{"id":"debugger.breakpoints","version":"2"},"event":{"state":true,"data":{"created":1580868221042,"count":0,"project":"1572e5938187a9336afb543fd2713242b681cef47d54cb7663d7672f2f0f651f"},"id":"total.non.suspending"}}
{"recorder_version":"21","session":"627d7c3413ad","build":"192.7142.36","bucket":"35","time":1580868221042,"group":{"id":"debugger.breakpoints","version":"2"},"event":{"state":true,"data":{"created":1580868221042,"project":"1572e5938187a9336afb543fd2713242b681cef47d54cb7663d7672f2f0f651f"},"id":"invoked"}}
{"recorder_version":"21","session":"627d7c3413ad","build":"192.7142.36","bucket":"35","time":1580868221042,"group":{"id":"module.facets","version":"2"},"event":{"state":true,"data":{"created":1580868221042,"project":"1572e5938187a9336afb543fd2713242b681cef47d54cb7663d7672f2f0f651f"},"id":"invoked"}}
{"recorder_version":"21","session":"627d7c3413ad","build":"192.7142.36","bucket":"35","time":1580868221044,"group":{"id":"run.configuration.type","version":"4"},"event":{"state":true,"data":{"created":1580868221044,"project":"1572e5938187a9336afb543fd2713242b681cef47d54cb7663d7672f2f0f651f"},"id":"invoked"}}
{"recorder_version":"21","session":"627d7c3413ad","build":"192.7142.36","bucket":"35","time":1580868221045,"group":{"id":"build.maven.state","version":"1"},"event":{"state":true,"data":{"created":1580868221045,"project":"1572e5938187a9336afb543fd2713242b681cef47d54cb7663d7672f2f0f651f"},"id":"invoked"}}
{"recorder_version":"21","session":"627d7c3413ad","build":"192.7142.36","bucket":"35","time":1580868221053,"group":{"id":"inspections","version":"1"},"event":{"state":true,"data":{"created":1580868221053,"project":"1572e5938187a9336afb543fd2713242b681cef47d54cb7663d7672f2f0f651f"},"id":"invoked"}}
{"recorder_version":"21","session":"627d7c3413ad","build":"192.7142.36","bucket":"35","time":1580868221055,"group":{"id":"java.compiler.settings.project","version":"1"},"event":{"state":true,"data":{"created":1580868221055,"project":"1572e5938187a9336afb543fd2713242b681cef47d54cb7663d7672f2f0f651f","enabled":true},"id":"AUTO_SHOW_ERRORS_IN_EDITOR"}}
{"recorder_version":"21","session":"627d7c3413ad","build":"192.7142.36","bucket":"35","time":1580868221055,"group":{"id":"java.compiler.settings.project","version":"1"},"event":{"state":true,"data":{"created":1580868221055,"project":"1572e5938187a9336afb543fd2713242b681cef47d54cb7663d7672f2f0f651f","enabled":true},"id":"DISPLAY_NOTIFICATION_POPUP"}}
{"recorder_version":"21","session":"627d7c3413ad","build":"192.7142.36","bucket":"35","time":1580868221055,"group":{"id":"java.compiler.settings.project","version":"1"},"event":{"state":true,"data":{"created":1580868221055,"project":"1572e5938187a9336afb543fd2713242b681cef47d54cb7663d7672f2f0f651f","enabled":true},"id":"CLEAR_OUTPUT_DIRECTORY"}}
{"recorder_version":"21","session":"627d7c3413ad","build":"192.7142.36","bucket":"35","time":1580868221055,"group":{"id":"java.compiler.settings.project","version":"1"},"event":{"state":true,"data":{"created":1580868221055,"project":"1572e5938187a9336afb543fd2713242b681cef47d54cb7663d7672f2f0f651f","enabled":false},"id":"MAKE_PROJECT_ON_SAVE"}}
{"recorder_version":"21","session":"627d7c3413ad","build":"192.7142.36","bucket":"35","time":1580868221055,"group":{"id":"java.compiler.settings.project","version":"1"},"event":{"state":true,"data":{"created":1580868221055,"project":"1572e5938187a9336afb543fd2713242b681cef47d54cb7663d7672f2f0f651f","enabled":false},"id":"PARALLEL_COMPILATION"}}
{"recorder_version":"21","session":"627d7c3413ad","build":"192.7142.36","bucket":"35","time":1580868221055,"group":{"id":"java.compiler.settings.project","version":"1"},"event":{"state":true,"data":{"created":1580868221055,"project":"1572e5938187a9336afb543fd2713242b681cef47d54cb7663d7672f2f0f651f","enabled":true},"id":"REBUILD_ON_DEPENDENCY_CHANGE"}}
{"recorder_version":"21","session":"627d7c3413ad","build":"192.7142.36","bucket":"35","time":1580868221055,"group":{"id":"java.compiler.settings.project","version":"1"},"event":{"state":true,"data":{"created":1580868221056,"project":"1572e5938187a9336afb543fd2713242b681cef47d54cb7663d7672f2f0f651f","enabled":true},"id":"COMPILE_AFFECTED_UNLOADED_MODULES_BEFORE_COMMIT"}}
{"recorder_version":"21","session":"627d7c3413ad","build":"192.7142.36","bucket":"35","time":1580868221055,"group":{"id":"java.compiler.settings.project","version":"1"},"event":{"state":true,"data":{"created":1580868221056,"project":"1572e5938187a9336afb543fd2713242b681cef47d54cb7663d7672f2f0f651f"},"id":"invoked"}}
{"recorder_version":"21","session":"627d7c3413ad","build":"192.7142.36","bucket":"35","time":1580868221055,"group":{"id":"run.dashboard","version":"1"},"event":{"state":true,"data":{"created":1580868221056,"project":"1572e5938187a9336afb543fd2713242b681cef47d54cb7663d7672f2f0f651f","enabled":false},"id":"run.dashboard"}}
{"recorder_version":"21","session":"627d7c3413ad","build":"192.7142.36","bucket":"35","time":1580868221055,"group":{"id":"run.dashboard","version":"1"},"event":{"state":true,"data":{"created":1580868221056,"project":"1572e5938187a9336afb543fd2713242b681cef47d54cb7663d7672f2f0f651f"},"id":"invoked"}}
{"recorder_version":"21","session":"627d7c3413ad","build":"192.7142.36","bucket":"35","time":1580868221139,"group":{"id":"svn.configuration","version":"1"},"event":{"state":true,"data":{"created":1580868221139,"project":"1572e5938187a9336afb543fd2713242b681cef47d54cb7663d7672f2f0f651f"},"id":"invoked"}}
{"recorder_version":"21","session":"627d7c3413ad","build":"192.7142.36","bucket":"35","time":1580868299892,"group":{"id":"performance","version":"21"},"event":{"count":1,"data":{"duration_ms":0,"created":1580868299892},"id":"ui.latency"}}
{"recorder_version":"21","session":"627d7c3413ad","build":"192.7142.36","bucket":"35","time":1580868400189,"group":{"id":"performance","version":"21"},"event":{"count":1,"data":{"duration_ms":0,"created":1580868400189},"id":"ui.latency"}}
{"recorder_version":"21","session":"627d7c3413ad","build":"192.7142.36","bucket":"35","time":1580868500465,"group":{"id":"performance","version":"21"},"event":{"count":1,"data":{"duration_ms":0,"created":1580868500465},"id":"ui.latency"}}
{"recorder_version":"21","session":"627d7c3413ad","build":"192.7142.36","bucket":"35","time":1580868600772,"group":{"id":"performance","version":"21"},"event":{"count":1,"data":{"duration_ms":0,"created":1580868600772},"id":"ui.latency"}}
{"recorder_version":"21","session":"627d7c3413ad","build":"192.7142.36","bucket":"35","time":1580868701067,"group":{"id":"performance","version":"21"},"event":{"count":1,"data":{"duration_ms":0,"created":1580868701067},"id":"ui.latency"}}
{"recorder_version":"21","session":"627d7c3413ad","build":"192.7142.36","bucket":"35","time":1580868801358,"group":{"id":"performance","version":"21"},"event":{"count":1,"data":{"duration_ms":1,"created":1580868801358},"id":"ui.latency"}}
{"recorder_version":"21","session":"627d7c3413ad","build":"192.7142.36","bucket":"35","time":1580868901618,"group":{"id":"performance","version":"21"},"event":{"count":1,"data":{"duration_ms":0,"created":1580868901619},"id":"ui.latency"}}
{"recorder_version":"21","session":"627d7c3413ad","build":"192.7142.36","bucket":"35","time":1580869001907,"group":{"id":"performance","version":"21"},"event":{"count":1,"data":{"duration_ms":0,"created":1580869001908},"id":"ui.latency"}}
{"recorder_version":"21","session":"627d7c3413ad","build":"192.7142.36","bucket":"35","time":1580869102206,"group":{"id":"performance","version":"21"},"event":{"count":1,"data":{"duration_ms":1,"created":1580869102206},"id":"ui.latency"}}
{"recorder_version":"21","session":"627d7c3413ad","build":"192.7142.36","bucket":"35","time":1580869202504,"group":{"id":"performance","version":"21"},"event":{"count":1,"data":{"duration_ms":0,"created":1580869202504},"id":"ui.latency"}}
{"recorder_version":"21","session":"627d7c3413ad","build":"192.7142.36","bucket":"35","time":1580869302764,"group":{"id":"performance","version":"21"},"event":{"count":1,"data":{"duration_ms":0,"created":1580869302764},"id":"ui.latency"}}
{"recorder_version":"21","session":"627d7c3413ad","build":"192.7142.36","bucket":"35","time":1580869403038,"group":{"id":"performance","version":"21"},"event":{"count":1,"data":{"duration_ms":0,"created":1580869403038},"id":"ui.latency"}}
{"recorder_version":"21","session":"627d7c3413ad","build":"192.7142.36","bucket":"35","time":1580869503312,"group":{"id":"performance","version":"21"},"event":{"count":1,"data":{"duration_ms":0,"created":1580869503312},"id":"ui.latency"}}
{"recorder_version":"21","session":"627d7c3413ad","build":"192.7142.36","bucket":"35","time":1580869603614,"group":{"id":"performance","version":"21"},"event":{"count":1,"data":{"duration_ms":0,"created":1580869603614},"id":"ui.latency"}}
{"recorder_version":"21","session":"627d7c3413ad","build":"192.7142.36","bucket":"35","time":1580869703882,"group":{"id":"performance","version":"21"},"event":{"count":1,"data":{"duration_ms":0,"created":1580869703883},"id":"ui.latency"}}
{"recorder_version":"21","session":"627d7c3413ad","build":"192.7142.36","bucket":"35","time":1580869804190,"group":{"id":"performance","version":"21"},"event":{"count":1,"data":{"duration_ms":0,"created":1580869804191},"id":"ui.latency"}}
{"recorder_version":"21","session":"627d7c3413ad","build":"192.7142.36","bucket":"35","time":1580869904485,"group":{"id":"performance","version":"21"},"event":{"count":1,"data":{"duration_ms":0,"created":1580869904485},"id":"ui.latency"}}
{"recorder_version":"21","session":"627d7c3413ad","build":"192.7142.36","bucket":"35","time":1580870004790,"group":{"id":"performance","version":"21"},"event":{"count":1,"data":{"duration_ms":0,"created":1580870004791},"id":"ui.latency"}}
{"recorder_version":"21","session":"627d7c3413ad","build":"192.7142.36","bucket":"35","time":1580870105104,"group":{"id":"performance","version":"21"},"event":{"count":1,"data":{"duration_ms":0,"created":1580870105104},"id":"ui.latency"}}
{"recorder_version":"21","session":"627d7c3413ad","build":"192.7142.36","bucket":"35","time":1580870205385,"group":{"id":"performance","version":"21"},"event":{"count":1,"data":{"duration_ms":1,"created":1580870205385},"id":"ui.latency"}}
{"recorder_version":"21","session":"627d7c3413ad","build":"192.7142.36","bucket":"35","time":1580870305678,"group":{"id":"performance","version":"21"},"event":{"count":1,"data":{"duration_ms":1,"created":1580870305678},"id":"ui.latency"}}
{"recorder_version":"21","session":"627d7c3413ad","build":"192.7142.36","bucket":"35","time":1580872434453,"group":{"id":"performance","version":"21"},"event":{"count":1,"data":{"duration_ms":5,"created":1580872434458},"id":"ui.latency"}}
{"recorder_version":"21","session":"627d7c3413ad","build":"192.7142.36","bucket":"35","time":1580875392498,"group":{"id":"performance","version":"21"},"event":{"count":1,"data":{"duration_ms":11,"created":1580875392507},"id":"ui.latency"}}
{"recorder_version":"21","session":"627d7c3413ad","build":"192.7142.36","bucket":"35","time":1580889075489,"group":{"id":"performance","version":"21"},"event":{"count":1,"data":{"duration_ms":26,"created":1580889075489},"id":"ui.latency"}}
{"recorder_version":"21","session":"627d7c3413ad","build":"192.7142.36","bucket":"35","time":1580889602464,"group":{"id":"performance","version":"21"},"event":{"count":1,"data":{"duration_ms":29,"created":1580889602467},"id":"ui.latency"}}
{"recorder_version":"21","session":"627d7c3413ad","build":"192.7142.36","bucket":"35","time":1580889703033,"group":{"id":"performance","version":"21"},"event":{"count":1,"data":{"duration_ms":0,"created":1580889703035},"id":"ui.latency"}}
{"recorder_version":"21","session":"627d7c3413ad","build":"192.7142.36","bucket":"35","time":1580889803635,"group":{"id":"performance","version":"21"},"event":{"count":1,"data":{"duration_ms":0,"created":1580889803635},"id":"ui.latency"}}
{"recorder_version":"21","session":"627d7c3413ad","build":"192.7142.36","bucket":"35","time":1580889904152,"group":{"id":"performance","version":"21"},"event":{"count":1,"data":{"duration_ms":0,"created":1580889904153},"id":"ui.latency"}}
{"recorder_version":"21","session":"627d7c3413ad","build":"192.7142.36","bucket":"35","time":1580890004682,"group":{"id":"performance","version":"21"},"event":{"count":1,"data":{"duration_ms":0,"created":1580890004682},"id":"ui.latency"}}
{"recorder_version":"21","session":"627d7c3413ad","build":"192.7142.36","bucket":"35","time":1580890105224,"group":{"id":"performance","version":"21"},"event":{"count":1,"data":{"duration_ms":0,"created":1580890105224},"id":"ui.latency"}}
{"recorder_version":"21","session":"627d7c3413ad","build":"192.7142.36","bucket":"35","time":1580890205704,"group":{"id":"performance","version":"21"},"event":{"count":1,"data":{"duration_ms":0,"created":1580890205704},"id":"ui.latency"}}
{"recorder_version":"21","session":"627d7c3413ad","build":"192.7142.36","bucket":"35","time":1580890306242,"group":{"id":"performance","version":"21"},"event":{"count":1,"data":{"duration_ms":0,"created":1580890306242},"id":"ui.latency"}}
{"recorder_version":"21","session":"627d7c3413ad","build":"192.7142.36","bucket":"35","time":1580890406801,"group":{"id":"performance","version":"21"},"event":{"count":1,"data":{"duration_ms":0,"created":1580890406801},"id":"ui.latency"}}
{"recorder_version":"21","session":"627d7c3413ad","build":"192.7142.36","bucket":"35","time":1580890507425,"group":{"id":"performance","version":"21"},"event":{"count":1,"data":{"duration_ms":0,"created":1580890507425},"id":"ui.latency"}}
{"recorder_version":"21","session":"627d7c3413ad","build":"192.7142.36","bucket":"35","time":1580890607995,"group":{"id":"performance","version":"21"},"event":{"count":1,"data":{"duration_ms":0,"created":1580890607996},"id":"ui.latency"}}
{"recorder_version":"21","session":"627d7c3413ad","build":"192.7142.36","bucket":"35","time":1580890708556,"group":{"id":"performance","version":"21"},"event":{"count":1,"data":{"duration_ms":0,"created":1580890708556},"id":"ui.latency"}}
{"recorder_version":"21","session":"627d7c3413ad","build":"192.7142.36","bucket":"35","time":1580890809109,"group":{"id":"performance","version":"21"},"event":{"count":1,"data":{"duration_ms":1,"created":1580890809109},"id":"ui.latency"}}
{"recorder_version":"21","session":"627d7c3413ad","build":"192.7142.36","bucket":"35","time":1580890909691,"group":{"id":"performance","version":"21"},"event":{"count":1,"data":{"duration_ms":0,"created":1580890909691},"id":"ui.latency"}}
{"recorder_version":"21","session":"627d7c3413ad","build":"192.7142.36","bucket":"35","time":1580891010245,"group":{"id":"performance","version":"21"},"event":{"count":1,"data":{"duration_ms":0,"created":1580891010245},"id":"ui.latency"}}
{"recorder_version":"21","session":"627d7c3413ad","build":"192.7142.36","bucket":"35","time":1580891110858,"group":{"id":"performance","version":"21"},"event":{"count":1,"data":{"duration_ms":0,"created":1580891110858},"id":"ui.latency"}}
{"recorder_version":"21","session":"627d7c3413ad","build":"192.7142.36","bucket":"35","time":1580891211483,"group":{"id":"performance","version":"21"},"event":{"count":1,"data":{"duration_ms":0,"created":1580891211483},"id":"ui.latency"}}
{"recorder_version":"21","session":"627d7c3413ad","build":"192.7142.36","bucket":"35","time":1580891312083,"group":{"id":"performance","version":"21"},"event":{"count":1,"data":{"duration_ms":0,"created":1580891312084},"id":"ui.latency"}}
{"recorder_version":"21","session":"627d7c3413ad","build":"192.7142.36","bucket":"35","time":1580891412674,"group":{"id":"performance","version":"21"},"event":{"count":1,"data":{"duration_ms":0,"created":1580891412674},"id":"ui.latency"}}
{"recorder_version":"21","session":"627d7c3413ad","build":"192.7142.36","bucket":"35","time":1580891513241,"group":{"id":"performance","version":"21"},"event":{"count":1,"data":{"duration_ms":1,"created":1580891513241},"id":"ui.latency"}}
{"recorder_version":"21","session":"627d7c3413ad","build":"192.7142.36","bucket":"35","time":1580891613769,"group":{"id":"performance","version":"21"},"event":{"count":1,"data":{"duration_ms":0,"created":1580891613769},"id":"ui.latency"}}
{"recorder_version":"21","session":"627d7c3413ad","build":"192.7142.36","bucket":"35","time":1580891714306,"group":{"id":"performance","version":"21"},"event":{"count":1,"data":{"duration_ms":0,"created":1580891714306},"id":"ui.latency"}}
{"recorder_version":"21","session":"627d7c3413ad","build":"192.7142.36","bucket":"35","time":1580891814909,"group":{"id":"performance","version":"21"},"event":{"count":1,"data":{"duration_ms":0,"created":1580891814909},"id":"ui.latency"}}
{"recorder_version":"21","session":"627d7c3413ad","build":"192.7142.36","bucket":"35","time":1580891915494,"group":{"id":"performance","version":"21"},"event":{"count":1,"data":{"duration_ms":0,"created":1580891915494},"id":"ui.latency"}}
{"recorder_version":"21","session":"627d7c3413ad","build":"192.7142.36","bucket":"35","time":1580892016095,"group":{"id":"performance","version":"21"},"event":{"count":1,"data":{"duration_ms":1,"created":1580892016095},"id":"ui.latency"}}
{"recorder_version":"21","session":"627d7c3413ad","build":"192.7142.36","bucket":"35","time":1580892116603,"group":{"id":"performance","version":"21"},"event":{"count":1,"data":{"duration_ms":0,"created":1580892116603},"id":"ui.latency"}}
{"recorder_version":"21","session":"627d7c3413ad","build":"192.7142.36","bucket":"35","time":1580892217168,"group":{"id":"performance","version":"21"},"event":{"count":1,"data":{"duration_ms":0,"created":1580892217168},"id":"ui.latency"}}
{"recorder_version":"21","session":"627d7c3413ad","build":"192.7142.36","bucket":"35","time":1580892317713,"group":{"id":"performance","version":"21"},"event":{"count":1,"data":{"duration_ms":0,"created":1580892317713},"id":"ui.latency"}}
{"recorder_version":"21","session":"627d7c3413ad","build":"192.7142.36","bucket":"35","time":1580892418219,"group":{"id":"performance","version":"21"},"event":{"count":1,"data":{"duration_ms":0,"created":1580892418219},"id":"ui.latency"}}
{"recorder_version":"21","session":"627d7c3413ad","build":"192.7142.36","bucket":"35","time":1580892518851,"group":{"id":"performance","version":"21"},"event":{"count":1,"data":{"duration_ms":0,"created":1580892518851},"id":"ui.latency"}}
{"recorder_version":"21","session":"627d7c3413ad","build":"192.7142.36","bucket":"35","time":1580892619492,"group":{"id":"performance","version":"21"},"event":{"count":1,"data":{"duration_ms":0,"created":1580892619492},"id":"ui.latency"}}
{"recorder_version":"21","session":"627d7c3413ad","build":"192.7142.36","bucket":"35","time":1580892720085,"group":{"id":"performance","version":"21"},"event":{"count":1,"data":{"duration_ms":0,"created":1580892720085},"id":"ui.latency"}}
{"recorder_version":"21","session":"627d7c3413ad","build":"192.7142.36","bucket":"35","time":1580892820645,"group":{"id":"performance","version":"21"},"event":{"count":1,"data":{"duration_ms":1,"created":1580892820645},"id":"ui.latency"}}
{"recorder_version":"21","session":"627d7c3413ad","build":"192.7142.36","bucket":"35","time":1580892921247,"group":{"id":"performance","version":"21"},"event":{"count":1,"data":{"duration_ms":0,"created":1580892921251},"id":"ui.latency"}}
{"recorder_version":"21","session":"627d7c3413ad","build":"192.7142.36","bucket":"35","time":1580893021774,"group":{"id":"performance","version":"21"},"event":{"count":1,"data":{"duration_ms":0,"created":1580893021780},"id":"ui.latency"}}
{"recorder_version":"21","session":"627d7c3413ad","build":"192.7142.36","bucket":"35","time":1580893122272,"group":{"id":"performance","version":"21"},"event":{"count":1,"data":{"duration_ms":1,"created":1580893122272},"id":"ui.latency"}}
{"recorder_version":"21","session":"627d7c3413ad","build":"192.7142.36","bucket":"35","time":1580908007470,"group":{"id":"performance","version":"21"},"event":{"count":1,"data":{"duration_ms":53,"created":1580908007470},"id":"ui.latency"}}
{"recorder_version":"21","session":"627d7c3413ad","build":"192.7142.36","bucket":"35","time":1580922931403,"group":{"id":"performance","version":"21"},"event":{"count":1,"data":{"duration_ms":29,"created":1580922931405},"id":"ui.latency"}}
